<?xml version="1.0" encoding="UTF-8"?>
<testng-results skipped="0" failed="0" ignored="1" total="1" passed="0">
  <reporter-output>
  </reporter-output>
  <suite name="Suite" duration-ms="8" started-at="2022-06-13T20:02:47Z" finished-at="2022-06-13T20:02:47Z">
    <groups>
    </groups>
    <test name="SearchFeatureTest Module" duration-ms="8" started-at="2022-06-13T20:02:47Z" finished-at="2022-06-13T20:02:47Z">
    </test> <!-- SearchFeatureTest Module -->
  </suite> <!-- Suite -->
</testng-results>
